Iteration	Loss	Norm of Gradient
(If line search performned, number of iterations and chosen stepsize printed too)

1	346.57359028	162.285997719
5 	0.0625
2	349.032833624	39.1983721457
1 	0.075
3	252.60140221	31.4414696823
1 	0.09
4	148.725240852	12.0830716388
1 	0.108
5	142.252534782	12.975558672
2 	0.0648
6	142.210343258	10.5140567449
2 	0.03888
7	141.888086138	8.84619934491
1 	0.046656
8	140.176129699	7.73574044622
1 	0.0559872
9	138.065692169	4.2046678939
1 	0.06718464
10	137.76905631	2.6194187041
1 	0.080621568
